1742688986320	geckodriver	INFO	Listening on 127.0.0.1:64155
1742688986338	mozrunner::runner	INFO	Running command: MOZ_CRASHREPORTER="1" MOZ_CRASHREPORTER_NO_REPORT="1" MOZ_CRASHREPORTER_SHUTDOWN="1" "/Users/mac/.cache/sele ... s" "localhost" "-foreground" "-no-remote" "-profile" "/var/folders/ww/wv2r4z897pddbb82vp6s9zqc0000gn/T/rust_mozprofile9ifPEu"
console.warn: services.settings: Ignoring preference override of remote settings server
console.warn: services.settings: Allow by setting MOZ_REMOTE_SETTINGS_DEVTOOLS=1 in the environment
1742688986955	Marionette	INFO	Marionette enabled
console.error: "Warning: unrecognized command line flag" "-remote-allow-hosts"
1742688987222	Marionette	INFO	Listening on port 64168
WebDriver BiDi listening on ws://127.0.0.1:64156
Read port: 64168
1742688987443	RemoteAgent	WARN	TLS certificate errors will be ignored for this session
2025-03-23 00:16:27.541 firefox[41225:3552399] +[IMKClient subclass]: chose IMKClient_Modern
2025-03-23 00:16:27.541 firefox[41225:3552399] +[IMKInputSession subclass]: chose IMKInputSession_Modern
UNSUPPORTED (log once): POSSIBLE ISSUE: unit 1 GLD_TEXTURE_INDEX_2D is unloadable and bound to sampler type (Float) - using zero texture because texture unloadable
DevTools listening on ws://127.0.0.1:64156/devtools/browser/55f045f8-cb37-4827-aebc-a6dcda7a2e93
JavaScript warning: https://gum.criteo.com/syncframe?topUrl=www.jumia.ma&origin=onetag#{%22bundle%22:{%22identifierExtractor%22:{%22origin%22:0},%22value%22:null},%22cw%22:true,%22optout%22:{%22identifierExtractor%22:{%22origin%22:0},%22value%22:null},%22origin%22:%22onetag%22,%22tld%22:%22jumia.ma%22,%22topUrl%22:%22www.jumia.ma%22,%22version%22:%225_34_2%22,%22ifa%22:{%22identifierExtractor%22:{%22origin%22:0},%22value%22:null},%22lsw%22:true,%22pm%22:0}, line 13: Script terminated by timeout at:
r.prototype.flushEventQueue@https://gum.criteo.com/syncframe?topUrl=www.jumia.ma&origin=onetag#{%22bundle%22:{%22identifierExtractor%22:{%22origin%22:0},%22value%22:null},%22cw%22:true,%22optout%22:{%22identifierExtractor%22:{%22origin%22:0},%22value%22:null},%22origin%22:%22onetag%22,%22tld%22:%22jumia.ma%22,%22topUrl%22:%22www.jumia.ma%22,%22version%22:%225_34_2%22,%22ifa%22:{%22identifierExtractor%22:{%22origin%22:0},%22value%22:null},%22lsw%22:true,%22pm%22:0}:13:3137
r/<@https://gum.criteo.com/syncframe?topUrl=www.jumia.ma&origin=onetag#{%22bundle%22:{%22identifierExtractor%22:{%22origin%22:0},%22value%22:null},%22cw%22:true,%22optout%22:{%22identifierExtractor%22:{%22origin%22:0},%22value%22:null},%22origin%22:%22onetag%22,%22tld%22:%22jumia.ma%22,%22topUrl%22:%22www.jumia.ma%22,%22version%22:%225_34_2%22,%22ifa%22:{%22identifierExtractor%22:{%22origin%22:0},%22value%22:null},%22lsw%22:true,%22pm%22:0}:13:3642

JavaScript warning: https://www.googletagmanager.com/gtag/js?id=G-6VGX43CWL5&l=dataLayer&cx=c&gtm=45He53j1v847964536za200&tag_exp=102482433~102788824~102803279~102813109, line 763: Script terminated by timeout at:
dM/<@https://www.googletagmanager.com/gtag/js?id=G-6VGX43CWL5&l=dataLayer&cx=c&gtm=45He53j1v847964536za200&tag_exp=102482433~102788824~102803279~102813109:763:142
h.Tl/<@https://www.googletagmanager.com/gtag/js?id=G-6VGX43CWL5&l=dataLayer&cx=c&gtm=45He53j1v847964536za200&tag_exp=102482433~102788824~102803279~102813109:698:126
h.Tl/c/<@https://www.googletagmanager.com/gtag/js?id=G-6VGX43CWL5&l=dataLayer&cx=c&gtm=45He53j1v847964536za200&tag_exp=102482433~102788824~102803279~102813109:697:418
nrWrapper@https://my.jumia.ma/js/nr.js?hash=123e7a:2:27670

JavaScript warning: https://challenges.cloudflare.com/cdn-cgi/challenge-platform/h/b/orchestrate/chl_api/v1?ray=9249bdb01e26ec8e&lang=auto, line 1: WEBGL_debug_renderer_info is deprecated in Firefox and will be removed. Please use RENDERER.
1742688999488	Marionette	INFO	Stopped listening on port 64168
